{"/Users/Pav/Desktop/Makers/Week 11/key-j/server/src/compare_songs/calculate_difference.js": {"path":"/Users/Pav/Desktop/Makers/Week 11/key-j/server/src/compare_songs/calculate_difference.js","statementMap":{"0":{"start":{"line":1,"column":28},"end":{"line":9,"column":1}},"1":{"start":{"line":2,"column":23},"end":{"line":2,"column":37}},"2":{"start":{"line":3,"column":22},"end":{"line":3,"column":36}},"3":{"start":{"line":5,"column":19},"end":{"line":5,"column":75}},"4":{"start":{"line":6,"column":19},"end":{"line":6,"column":35}},"5":{"start":{"line":8,"column":2},"end":{"line":8,"column":32}},"6":{"start":{"line":11,"column":0},"end":{"line":11,"column":37}}},"fnMap":{"0":{"name":"(anonymous_0)","decl":{"start":{"line":1,"column":28},"end":{"line":1,"column":29}},"loc":{"start":{"line":1,"column":38},"end":{"line":9,"column":1}},"line":1}},"branchMap":{},"s":{"0":2,"1":8,"2":8,"3":8,"4":8,"5":8,"6":2},"f":{"0":8},"b":{},"_coverageSchema":"1a1c01bbd47fc00a2c39e90264f33305004495a9","hash":"05716795f0abf56f77270ff13e2e6e29ea3a0144"}
,"/Users/Pav/Desktop/Makers/Week 11/key-j/server/src/compare_songs/compare_songs.js": {"path":"/Users/Pav/Desktop/Makers/Week 11/key-j/server/src/compare_songs/compare_songs.js","statementMap":{"0":{"start":{"line":1,"column":28},"end":{"line":1,"column":61}},"1":{"start":{"line":4,"column":29},"end":{"line":13,"column":1}},"2":{"start":{"line":5,"column":2},"end":{"line":11,"column":4}},"3":{"start":{"line":15,"column":0},"end":{"line":15,"column":38}}},"fnMap":{"0":{"name":"(anonymous_0)","decl":{"start":{"line":4,"column":29},"end":{"line":4,"column":30}},"loc":{"start":{"line":4,"column":47},"end":{"line":13,"column":1}},"line":4}},"branchMap":{},"s":{"0":1,"1":1,"2":1,"3":1},"f":{"0":1},"b":{},"_coverageSchema":"1a1c01bbd47fc00a2c39e90264f33305004495a9","hash":"3dcbce51e8ec0e79852f32fb1e7b10acefd3876e"}
,"/Users/Pav/Desktop/Makers/Week 11/key-j/server/src/compare_songs/tempo.js": {"path":"/Users/Pav/Desktop/Makers/Week 11/key-j/server/src/compare_songs/tempo.js","statementMap":{"0":{"start":{"line":1,"column":21},"end":{"line":14,"column":1}},"1":{"start":{"line":3,"column":19},"end":{"line":3,"column":31}},"2":{"start":{"line":5,"column":17},"end":{"line":5,"column":35}},"3":{"start":{"line":6,"column":18},"end":{"line":6,"column":36}},"4":{"start":{"line":8,"column":2},"end":{"line":12,"column":3}},"5":{"start":{"line":9,"column":4},"end":{"line":9,"column":31}},"6":{"start":{"line":11,"column":4},"end":{"line":11,"column":37}},"7":{"start":{"line":16,"column":0},"end":{"line":16,"column":30}}},"fnMap":{"0":{"name":"(anonymous_0)","decl":{"start":{"line":1,"column":21},"end":{"line":1,"column":22}},"loc":{"start":{"line":1,"column":39},"end":{"line":14,"column":1}},"line":1}},"branchMap":{"0":{"loc":{"start":{"line":8,"column":2},"end":{"line":12,"column":3}},"type":"if","locations":[{"start":{"line":8,"column":2},"end":{"line":12,"column":3}},{"start":{"line":8,"column":2},"end":{"line":12,"column":3}}],"line":8},"1":{"loc":{"start":{"line":8,"column":6},"end":{"line":8,"column":43}},"type":"binary-expr","locations":[{"start":{"line":8,"column":6},"end":{"line":8,"column":22}},{"start":{"line":8,"column":26},"end":{"line":8,"column":43}}],"line":8}},"s":{"0":1,"1":3,"2":3,"3":3,"4":3,"5":1,"6":2,"7":1},"f":{"0":3},"b":{"0":[1,2],"1":[3,2]},"_coverageSchema":"1a1c01bbd47fc00a2c39e90264f33305004495a9","hash":"a04763c7db4af02b974b86c359a24961651dcc0e"}
,"/Users/Pav/Desktop/Makers/Week 11/key-j/server/src/formatting/format_songs.js": {"path":"/Users/Pav/Desktop/Makers/Week 11/key-j/server/src/formatting/format_songs.js","statementMap":{"0":{"start":{"line":1,"column":20},"end":{"line":15,"column":1}},"1":{"start":{"line":2,"column":12},"end":{"line":2,"column":14}},"2":{"start":{"line":3,"column":2},"end":{"line":13,"column":5}},"3":{"start":{"line":4,"column":4},"end":{"line":12,"column":31}},"4":{"start":{"line":14,"column":2},"end":{"line":14,"column":13}},"5":{"start":{"line":17,"column":0},"end":{"line":17,"column":29}}},"fnMap":{"0":{"name":"(anonymous_0)","decl":{"start":{"line":1,"column":20},"end":{"line":1,"column":21}},"loc":{"start":{"line":1,"column":31},"end":{"line":15,"column":1}},"line":1},"1":{"name":"(anonymous_1)","decl":{"start":{"line":3,"column":16},"end":{"line":3,"column":17}},"loc":{"start":{"line":3,"column":24},"end":{"line":13,"column":3}},"line":3}},"branchMap":{},"s":{"0":1,"1":1,"2":1,"3":1,"4":1,"5":1},"f":{"0":1,"1":1},"b":{},"_coverageSchema":"1a1c01bbd47fc00a2c39e90264f33305004495a9","hash":"6f978585ff6485b7ea6f66da9adcb33546e0b447"}
}
